<?xml version="1.0" encoding="UTF-8"?>
<testng-results skipped="0" failed="0" ignored="0" total="1" passed="1">
  <reporter-output>
  </reporter-output>
  <suite name="Default suite" duration-ms="61656" started-at="2021-01-21T22:42:50 IST" finished-at="2021-01-21T22:43:51 IST">
    <groups>
    </groups>
    <test name="Default test" duration-ms="61656" started-at="2021-01-21T22:42:50 IST" finished-at="2021-01-21T22:43:51 IST">
      <class name="com.tests.LoginTest">
        <test-method status="PASS" signature="setup()[pri:0, instance:com.tests.LoginTest@5bcea91b]" name="setup" is-config="true" duration-ms="47436" started-at="2021-01-21T22:42:50 IST" finished-at="2021-01-21T22:43:37 IST">
          <reporter-output>
          </reporter-output>
        </test-method> <!-- setup -->
        <test-method status="PASS" signature="freeCrmTitleTest()[pri:1, instance:com.tests.LoginTest@5bcea91b]" name="freeCrmTitleTest" duration-ms="10141" started-at="2021-01-21T22:43:37 IST" finished-at="2021-01-21T22:43:47 IST">
          <reporter-output>
          </reporter-output>
        </test-method> <!-- freeCrmTitleTest -->
        <test-method status="PASS" signature="tearDown()[pri:0, instance:com.tests.LoginTest@5bcea91b]" name="tearDown" is-config="true" duration-ms="3962" started-at="2021-01-21T22:43:47 IST" finished-at="2021-01-21T22:43:51 IST">
          <reporter-output>
          </reporter-output>
        </test-method> <!-- tearDown -->
      </class> <!-- com.tests.LoginTest -->
    </test> <!-- Default test -->
  </suite> <!-- Default suite -->
</testng-results>
